<?xml version="1.0" encoding="UTF-8"?>
<!-- Generated by org.testng.reporters.JUnitReportReporter -->
<testsuite skipped="0" hostname="ip-192-168-2-48.ec2.internal" name="OauthTests.OauthWorkFlowTest" tests="1" failures="0" timestamp="12 Feb 2018 17:34:32 GMT" time="1.920" errors="0">
  <testcase name="makeSureUserAuthenticatedViaAccessToken" time="1.920" classname="OauthTests.OauthWorkFlowTest"/>
</testsuite> <!-- OauthTests.OauthWorkFlowTest -->
